Determining if the pthread_create exist failed with the following output:
Change Dir: /home/danu/catkin_custom/catkin_manipulator/catkin_01_basic_urdf_rvis/build/CMakeFiles/CMakeTmp

Run Build Command:"/usr/bin/make" "cmTC_70746/fast"
/usr/bin/make -f CMakeFiles/cmTC_70746.dir/build.make CMakeFiles/cmTC_70746.dir/build
make[1]: Entering directory '/home/danu/catkin_custom/catkin_manipulator/catkin_01_basic_urdf_rvis/build/CMakeFiles/CMakeTmp'
Building C object CMakeFiles/cmTC_70746.dir/CheckSymbolExists.c.o
/usr/bin/cc     -o CMakeFiles/cmTC_70746.dir/CheckSymbolExists.c.o   -c /home/danu/catkin_custom/catkin_manipulator/catkin_01_basic_urdf_rvis/build/CMakeFiles/CMakeTmp/CheckSymbolExists.c
Linking C executable cmTC_70746
/usr/bin/cmake -E cmake_link_script CMakeFiles/cmTC_70746.dir/link.txt --verbose=1
/usr/bin/cc       CMakeFiles/cmTC_70746.dir/CheckSymbolExists.c.o  -o cmTC_70746 -rdynamic 
CMakeFiles/cmTC_70746.dir/CheckSymbolExists.c.o: In function `main':
CheckSymbolExists.c:(.text+0x16): undefined reference to `pthread_create'
collect2: error: ld returned 1 exit status
CMakeFiles/cmTC_70746.dir/build.make:97: recipe for target 'cmTC_70746' failed
make[1]: *** [cmTC_70746] Error 1
make[1]: Leaving directory '/home/danu/catkin_custom/catkin_manipulator/catkin_01_basic_urdf_rvis/build/CMakeFiles/CMakeTmp'
Makefile:126: recipe for target 'cmTC_70746/fast' failed
make: *** [cmTC_70746/fast] Error 2

File /home/danu/catkin_custom/catkin_manipulator/catkin_01_basic_urdf_rvis/build/CMakeFiles/CMakeTmp/CheckSymbolExists.c:
/* */
#include <pthread.h>

int main(int argc, char** argv)
{
  (void)argv;
#ifndef pthread_create
  return ((int*)(&pthread_create))[argc];
#else
  (void)argc;
  return 0;
#endif
}

Determining if the function pthread_create exists in the pthreads failed with the following output:
Change Dir: /home/danu/catkin_custom/catkin_manipulator/catkin_01_basic_urdf_rvis/build/CMakeFiles/CMakeTmp

Run Build Command:"/usr/bin/make" "cmTC_c6afc/fast"
/usr/bin/make -f CMakeFiles/cmTC_c6afc.dir/build.make CMakeFiles/cmTC_c6afc.dir/build
make[1]: Entering directory '/home/danu/catkin_custom/catkin_manipulator/catkin_01_basic_urdf_rvis/build/CMakeFiles/CMakeTmp'
Building C object CMakeFiles/cmTC_c6afc.dir/CheckFunctionExists.c.o
/usr/bin/cc    -DCHECK_FUNCTION_EXISTS=pthread_create   -o CMakeFiles/cmTC_c6afc.dir/CheckFunctionExists.c.o   -c /usr/share/cmake-3.5/Modules/CheckFunctionExists.c
Linking C executable cmTC_c6afc
/usr/bin/cmake -E cmake_link_script CMakeFiles/cmTC_c6afc.dir/link.txt --verbose=1
/usr/bin/cc   -DCHECK_FUNCTION_EXISTS=pthread_create    CMakeFiles/cmTC_c6afc.dir/CheckFunctionExists.c.o  -o cmTC_c6afc -rdynamic -lpthreads 
/usr/bin/ld: cannot find -lpthreads
collect2: error: ld returned 1 exit status
CMakeFiles/cmTC_c6afc.dir/build.make:97: recipe for target 'cmTC_c6afc' failed
make[1]: *** [cmTC_c6afc] Error 1
make[1]: Leaving directory '/home/danu/catkin_custom/catkin_manipulator/catkin_01_basic_urdf_rvis/build/CMakeFiles/CMakeTmp'
Makefile:126: recipe for target 'cmTC_c6afc/fast' failed
make: *** [cmTC_c6afc/fast] Error 2


